g:\cudaica_win_vs2017_dev\cudaica_win\x64\debug\vc141.pdb
g:\cudaica_win_vs2017_dev\cudaica_win\x64\debug\vc141.idb
g:\cudaica_win_vs2017_dev\cudaica_win\x64\debug\mman.obj
g:\cudaica_win_vs2017_dev\cudaica_win\x64\debug\randlcg.obj
g:\cudaica_win_vs2017_dev\cudaica_win\x64\debug\r250.obj
g:\cudaica_win_vs2017_dev\cudaica_win\x64\debug\cudaica_win.obj
g:\cudaica_win_vs2017_dev\x64\debug\cudaica_win.exe
g:\cudaica_win_vs2017_dev\x64\debug\cudaica_win.pdb
g:\cudaica_win_vs2017_dev\x64\debug\cudaica_win.lib
g:\cudaica_win_vs2017_dev\x64\debug\cudaica_win.exp
g:\cudaica_win_vs2017_dev\cudaica_win\x64\debug\centering.cu.cache
g:\cudaica_win_vs2017_dev\cudaica_win\x64\debug\common.cu.cache
g:\cudaica_win_vs2017_dev\cudaica_win\x64\debug\config.cu.cache
g:\cudaica_win_vs2017_dev\cudaica_win\x64\debug\device.cu.cache
g:\cudaica_win_vs2017_dev\cudaica_win\x64\debug\error.cu.cache
g:\cudaica_win_vs2017_dev\cudaica_win\x64\debug\infomax.cu.cache
g:\cudaica_win_vs2017_dev\cudaica_win\x64\debug\loader.cu.cache
g:\cudaica_win_vs2017_dev\cudaica_win\x64\debug\postprocess.cu.cache
g:\cudaica_win_vs2017_dev\cudaica_win\x64\debug\whitening.cu.cache
g:\cudaica_win_vs2017_dev\cudaica_win\x64\debug\device.cu.obj
g:\cudaica_win_vs2017_dev\cudaica_win\x64\debug\postprocess.cu.obj
g:\cudaica_win_vs2017_dev\cudaica_win\x64\debug\loader.cu.obj
g:\cudaica_win_vs2017_dev\cudaica_win\x64\debug\centering.cu.obj
g:\cudaica_win_vs2017_dev\cudaica_win\x64\debug\config.cu.obj
g:\cudaica_win_vs2017_dev\cudaica_win\x64\debug\whitening.cu.obj
g:\cudaica_win_vs2017_dev\cudaica_win\x64\debug\common.cu.obj
g:\cudaica_win_vs2017_dev\cudaica_win\x64\debug\infomax.cu.obj
g:\cudaica_win_vs2017_dev\cudaica_win\x64\debug\error.cu.obj
g:\cudaica_win_vs2017_dev\cudaica_win\x64\debug\cudaica_win.tlog\cl.read.1.tlog
g:\cudaica_win_vs2017_dev\cudaica_win\x64\debug\cudaica_win.tlog\cl.write.1.tlog
g:\cudaica_win_vs2017_dev\cudaica_win\x64\debug\cudaica_win.tlog\cl.command.1.tlog
g:\cudaica_win_vs2017_dev\cudaica_win\x64\debug\cudaica_win.tlog\link.read.1.tlog
g:\cudaica_win_vs2017_dev\cudaica_win\x64\debug\cudaica_win.tlog\link.write.1.tlog
g:\cudaica_win_vs2017_dev\cudaica_win\x64\debug\cudaica_win.tlog\link.command.1.tlog
g:\cudaica_win_vs2017_dev\cudaica_win\x64\debug\cudaica_win.tlog\cudaica_win.write.1u.tlog
