d:\users\yunhui\program\c\cudaica_win_vs2017\cudaica_win\x64\release\vc141.pdb
d:\users\yunhui\program\c\cudaica_win_vs2017\cudaica_win\x64\release\mman.obj
d:\users\yunhui\program\c\cudaica_win_vs2017\cudaica_win\x64\release\randlcg.obj
d:\users\yunhui\program\c\cudaica_win_vs2017\cudaica_win\x64\release\r250.obj
d:\users\yunhui\program\c\cudaica_win_vs2017\cudaica_win\x64\release\cudaica_win.obj
d:\users\yunhui\program\c\cudaica_win_vs2017\x64\release\cudaica_win.lib
d:\users\yunhui\program\c\cudaica_win_vs2017\x64\release\cudaica_win.exp
d:\users\yunhui\program\c\cudaica_win_vs2017\x64\release\cudaica_win.ipdb
d:\users\yunhui\program\c\cudaica_win_vs2017\x64\release\cudaica_win.iobj
d:\users\yunhui\program\c\cudaica_win_vs2017\x64\release\cudaica_win.exe
d:\users\yunhui\program\c\cudaica_win_vs2017\cudaica_win\x64\release\centering.cu.cache
d:\users\yunhui\program\c\cudaica_win_vs2017\cudaica_win\x64\release\common.cu.cache
d:\users\yunhui\program\c\cudaica_win_vs2017\cudaica_win\x64\release\config.cu.cache
d:\users\yunhui\program\c\cudaica_win_vs2017\cudaica_win\x64\release\device.cu.cache
d:\users\yunhui\program\c\cudaica_win_vs2017\cudaica_win\x64\release\error.cu.cache
d:\users\yunhui\program\c\cudaica_win_vs2017\cudaica_win\x64\release\infomax.cu.cache
d:\users\yunhui\program\c\cudaica_win_vs2017\cudaica_win\x64\release\loader.cu.cache
d:\users\yunhui\program\c\cudaica_win_vs2017\cudaica_win\x64\release\postprocess.cu.cache
d:\users\yunhui\program\c\cudaica_win_vs2017\cudaica_win\x64\release\whitening.cu.cache
d:\users\yunhui\program\c\cudaica_win_vs2017\cudaica_win\x64\release\centering.cu.obj
d:\users\yunhui\program\c\cudaica_win_vs2017\cudaica_win\x64\release\common.cu.obj
d:\users\yunhui\program\c\cudaica_win_vs2017\cudaica_win\x64\release\config.cu.obj
d:\users\yunhui\program\c\cudaica_win_vs2017\cudaica_win\x64\release\device.cu.obj
d:\users\yunhui\program\c\cudaica_win_vs2017\cudaica_win\x64\release\error.cu.obj
d:\users\yunhui\program\c\cudaica_win_vs2017\cudaica_win\x64\release\infomax.cu.obj
d:\users\yunhui\program\c\cudaica_win_vs2017\cudaica_win\x64\release\loader.cu.obj
d:\users\yunhui\program\c\cudaica_win_vs2017\cudaica_win\x64\release\postprocess.cu.obj
d:\users\yunhui\program\c\cudaica_win_vs2017\cudaica_win\x64\release\whitening.cu.obj
d:\users\yunhui\program\c\cudaica_win_vs2017\cudaica_win\x64\release\cudaica_win.tlog\cl.command.1.tlog
d:\users\yunhui\program\c\cudaica_win_vs2017\cudaica_win\x64\release\cudaica_win.tlog\cl.read.1.tlog
d:\users\yunhui\program\c\cudaica_win_vs2017\cudaica_win\x64\release\cudaica_win.tlog\cl.write.1.tlog
d:\users\yunhui\program\c\cudaica_win_vs2017\cudaica_win\x64\release\cudaica_win.tlog\cudaica_win.write.1u.tlog
d:\users\yunhui\program\c\cudaica_win_vs2017\cudaica_win\x64\release\cudaica_win.tlog\link.command.1.tlog
d:\users\yunhui\program\c\cudaica_win_vs2017\cudaica_win\x64\release\cudaica_win.tlog\link.read.1.tlog
d:\users\yunhui\program\c\cudaica_win_vs2017\cudaica_win\x64\release\cudaica_win.tlog\link.write.1.tlog
